2017-04-18 13:07:02.638 [error] emulator Error in process <0.613.0> on node 'login@127.0.0.1' with exit value:
{[{reason,{badarg,"Can't resolve the priv_dir of application loginpage"}},{mfa,{cowboy_static,rest_init,2}},{stacktrace,[{cowboy_static,priv_path,2,[{file,"src/cowboy_static.erl"},{line,73}]},{cowboy_static,rest_init_opts,2,[{file,"src/cowboy_static.erl"},{line,62}]},{cowboy_rest,upgrade,4,[{file,"src/cowboy_rest.erl"},{line,64}]},{cowboy_protocol,execute,4,[{file,"src/cowboy_protocol.erl"},{line,442}]}]},{req,[{socket,#Port<0.502>},{transport,ranch_tcp},{connection,keepalive},{pid,<0.613.0>},{method,<<"GET">>},{version,'HTTP/1.1'},{peer,{{127,0,0,1},40938}},{host,<<"localhost">>},{host_info,undefined},{port,8089},{path,<<"/nb">>},{path_info,[<<"nb">>]},{qs,<<>>},{qs_vals,undefined},{bindings,[]},{headers,[{<<"host">>,<<"localhost:8089">>},{<<"connection">>,<<"keep-alive">>},{<<"upgrade-insecure-requests">>,<<"1">>},{<<"user-agent">>,<<"Mozilla/5.0 (X11; Linux x86_64) AppleWebKit/537.36 (KHTML, like Gecko) Chrome/57.0.2987.110 Safari/537.36">>},{<<"accept">>,<<"text/html,application/xhtml+xml,application/xml;q=0.9,image/webp,*/*;q=0.8">>},{<<"accept-encoding">>,<<"gzip, deflate, sdch, br">>},{<<"accept-language">>,<<"en-GB,en-US;q=0.8,en;q=0.6">>},{<<"if-none-match">>,<<"\"585297579\"">>},{<<"if-modified-since">>,<<"Tue, 18 Apr 2017 05:45:16 GMT">>}]},{p_headers,[{<<"connection">>,[<<"keep-alive">>]}]},{cookies,undefined},{meta,[]},{body_state,waiting},{buffer,<<>>},{multipart,undefined},{resp_compress,false},{resp_state,waiting},{resp_headers,[]},{resp_body,<<>>},{onresponse,undefined}]},{opts,{priv_file,loginpage,"login.html"}}],[{cowboy_protocol,execute,4,[{file,"src/cowboy_protocol.erl"},{line,442}]}]}
2017-04-18 13:07:02.638 [error] <0.613.0> Ranch listener http terminated in cowboy_static:rest_init/2 with reason: bad argument in 67
2017-04-19 11:56:47.082 [error] <0.616.0> gen_server <0.616.0> terminated with reason: no match of right hand value "insert into login where values id=$1 and password=$2" in epgsql_sock:command/2 line 260
2017-04-19 11:56:47.085 [error] <0.616.0> CRASH REPORT Process <0.616.0> with 1 neighbours exited with reason: no match of right hand value "insert into login where values id=$1 and password=$2" in epgsql_sock:command/2 line 260 in gen_server:terminate/7 line 812
2017-04-19 11:56:47.085 [error] <0.615.0> Ranch listener http terminated with reason: no match of right hand value "insert into login where values id=$1 and password=$2" in epgsql_sock:command/2 line 260
2017-04-19 11:56:47.192 [error] <0.620.0> gen_server <0.620.0> terminated with reason: no match of right hand value "insert into login where values id=$1 and password=$2" in epgsql_sock:command/2 line 260
2017-04-19 11:56:47.193 [error] <0.620.0> CRASH REPORT Process <0.620.0> with 1 neighbours exited with reason: no match of right hand value "insert into login where values id=$1 and password=$2" in epgsql_sock:command/2 line 260 in gen_server:terminate/7 line 812
2017-04-19 11:56:47.193 [error] <0.619.0> Ranch listener http terminated with reason: no match of right hand value "insert into login where values id=$1 and password=$2" in epgsql_sock:command/2 line 260
2017-04-19 11:56:52.219 [error] <0.622.0> gen_server <0.622.0> terminated with reason: no match of right hand value "insert into login where values id=$1 and password=$2" in epgsql_sock:command/2 line 260
2017-04-19 11:56:52.221 [error] <0.622.0> CRASH REPORT Process <0.622.0> with 1 neighbours exited with reason: no match of right hand value "insert into login where values id=$1 and password=$2" in epgsql_sock:command/2 line 260 in gen_server:terminate/7 line 812
2017-04-19 11:56:52.221 [error] <0.621.0> Ranch listener http terminated with reason: no match of right hand value "insert into login where values id=$1 and password=$2" in epgsql_sock:command/2 line 260
2017-04-19 11:57:22.236 [error] <0.624.0> gen_server <0.624.0> terminated with reason: no match of right hand value "insert into login where values id=$1 and password=$2" in epgsql_sock:command/2 line 260
2017-04-19 11:57:22.237 [error] <0.624.0> CRASH REPORT Process <0.624.0> with 1 neighbours exited with reason: no match of right hand value "insert into login where values id=$1 and password=$2" in epgsql_sock:command/2 line 260 in gen_server:terminate/7 line 812
2017-04-19 11:57:22.237 [error] <0.623.0> Ranch listener http terminated with reason: no match of right hand value "insert into login where values id=$1 and password=$2" in epgsql_sock:command/2 line 260
2017-04-19 11:58:22.262 [error] <0.626.0> gen_server <0.626.0> terminated with reason: no match of right hand value "insert into login where values id=$1 and password=$2" in epgsql_sock:command/2 line 260
2017-04-19 11:58:22.264 [error] <0.626.0> CRASH REPORT Process <0.626.0> with 1 neighbours exited with reason: no match of right hand value "insert into login where values id=$1 and password=$2" in epgsql_sock:command/2 line 260 in gen_server:terminate/7 line 812
2017-04-19 11:58:22.264 [error] <0.625.0> Ranch listener http terminated with reason: no match of right hand value "insert into login where values id=$1 and password=$2" in epgsql_sock:command/2 line 260
2017-04-19 11:59:42.235 [error] <0.614.0> gen_server <0.614.0> terminated with reason: no match of right hand value "insert into login where values id=$1 or password=$2" in epgsql_sock:command/2 line 260
2017-04-19 11:59:42.237 [error] <0.614.0> CRASH REPORT Process <0.614.0> with 1 neighbours exited with reason: no match of right hand value "insert into login where values id=$1 or password=$2" in epgsql_sock:command/2 line 260 in gen_server:terminate/7 line 812
2017-04-19 11:59:42.237 [error] <0.613.0> Ranch listener http terminated with reason: no match of right hand value "insert into login where values id=$1 or password=$2" in epgsql_sock:command/2 line 260
2017-04-19 11:59:42.352 [error] <0.618.0> gen_server <0.618.0> terminated with reason: no match of right hand value "insert into login where values id=$1 or password=$2" in epgsql_sock:command/2 line 260
2017-04-19 11:59:42.353 [error] <0.618.0> CRASH REPORT Process <0.618.0> with 1 neighbours exited with reason: no match of right hand value "insert into login where values id=$1 or password=$2" in epgsql_sock:command/2 line 260 in gen_server:terminate/7 line 812
2017-04-19 11:59:42.353 [error] <0.617.0> Ranch listener http terminated with reason: no match of right hand value "insert into login where values id=$1 or password=$2" in epgsql_sock:command/2 line 260
2017-04-19 11:59:47.382 [error] <0.620.0> gen_server <0.620.0> terminated with reason: no match of right hand value "insert into login where values id=$1 or password=$2" in epgsql_sock:command/2 line 260
2017-04-19 11:59:47.384 [error] <0.620.0> CRASH REPORT Process <0.620.0> with 1 neighbours exited with reason: no match of right hand value "insert into login where values id=$1 or password=$2" in epgsql_sock:command/2 line 260 in gen_server:terminate/7 line 812
2017-04-19 11:59:47.384 [error] <0.619.0> Ranch listener http terminated with reason: no match of right hand value "insert into login where values id=$1 or password=$2" in epgsql_sock:command/2 line 260
2017-04-19 12:00:17.403 [error] <0.622.0> gen_server <0.622.0> terminated with reason: no match of right hand value "insert into login where values id=$1 or password=$2" in epgsql_sock:command/2 line 260
2017-04-19 12:00:17.405 [error] <0.622.0> CRASH REPORT Process <0.622.0> with 1 neighbours exited with reason: no match of right hand value "insert into login where values id=$1 or password=$2" in epgsql_sock:command/2 line 260 in gen_server:terminate/7 line 812
2017-04-19 12:00:17.406 [error] <0.621.0> Ranch listener http terminated with reason: no match of right hand value "insert into login where values id=$1 or password=$2" in epgsql_sock:command/2 line 260
2017-04-19 12:01:17.430 [error] <0.624.0> gen_server <0.624.0> terminated with reason: no match of right hand value "insert into login where values id=$1 or password=$2" in epgsql_sock:command/2 line 260
2017-04-19 12:01:17.432 [error] <0.624.0> CRASH REPORT Process <0.624.0> with 1 neighbours exited with reason: no match of right hand value "insert into login where values id=$1 or password=$2" in epgsql_sock:command/2 line 260 in gen_server:terminate/7 line 812
2017-04-19 12:01:17.432 [error] <0.623.0> Ranch listener http terminated with reason: no match of right hand value "insert into login where values id=$1 or password=$2" in epgsql_sock:command/2 line 260
2017-04-19 12:34:52.656 [error] <0.616.0> gen_server <0.616.0> terminated with reason: no match of right hand value "insert into login values($1,$2)" in epgsql_sock:command/2 line 272
2017-04-19 12:34:52.658 [error] <0.616.0> CRASH REPORT Process <0.616.0> with 1 neighbours exited with reason: no match of right hand value "insert into login values($1,$2)" in epgsql_sock:command/2 line 272 in gen_server:terminate/7 line 812
2017-04-19 12:34:52.658 [error] <0.615.0> Ranch listener http terminated with reason: no match of right hand value "insert into login values($1,$2)" in epgsql_sock:command/2 line 272
2017-04-19 12:34:52.799 [error] <0.620.0> gen_server <0.620.0> terminated with reason: no match of right hand value "insert into login values($1,$2)" in epgsql_sock:command/2 line 272
2017-04-19 12:34:52.801 [error] <0.620.0> CRASH REPORT Process <0.620.0> with 1 neighbours exited with reason: no match of right hand value "insert into login values($1,$2)" in epgsql_sock:command/2 line 272 in gen_server:terminate/7 line 812
2017-04-19 12:34:52.801 [error] <0.619.0> Ranch listener http terminated with reason: no match of right hand value "insert into login values($1,$2)" in epgsql_sock:command/2 line 272
2017-04-19 12:34:57.826 [error] <0.622.0> gen_server <0.622.0> terminated with reason: no match of right hand value "insert into login values($1,$2)" in epgsql_sock:command/2 line 272
2017-04-19 12:34:57.833 [error] <0.622.0> CRASH REPORT Process <0.622.0> with 1 neighbours exited with reason: no match of right hand value "insert into login values($1,$2)" in epgsql_sock:command/2 line 272 in gen_server:terminate/7 line 812
2017-04-19 12:34:57.834 [error] <0.621.0> Ranch listener http terminated with reason: no match of right hand value "insert into login values($1,$2)" in epgsql_sock:command/2 line 272
2017-04-19 12:35:27.838 [error] <0.624.0> gen_server <0.624.0> terminated with reason: no match of right hand value "insert into login values($1,$2)" in epgsql_sock:command/2 line 272
2017-04-19 12:35:27.839 [error] <0.624.0> CRASH REPORT Process <0.624.0> with 1 neighbours exited with reason: no match of right hand value "insert into login values($1,$2)" in epgsql_sock:command/2 line 272 in gen_server:terminate/7 line 812
2017-04-19 12:35:27.839 [error] <0.623.0> Ranch listener http terminated with reason: no match of right hand value "insert into login values($1,$2)" in epgsql_sock:command/2 line 272
2017-04-19 12:35:59.180 [error] <0.614.0> gen_server <0.614.0> terminated with reason: no match of right hand value "insert into login values($1,$2)" in epgsql_sock:command/2 line 272
2017-04-19 12:35:59.183 [error] <0.614.0> CRASH REPORT Process <0.614.0> with 1 neighbours exited with reason: no match of right hand value "insert into login values($1,$2)" in epgsql_sock:command/2 line 272 in gen_server:terminate/7 line 812
2017-04-19 12:35:59.184 [error] <0.613.0> Ranch listener http terminated with reason: no match of right hand value "insert into login values($1,$2)" in epgsql_sock:command/2 line 272
2017-04-19 12:35:59.318 [error] <0.618.0> gen_server <0.618.0> terminated with reason: no match of right hand value "insert into login values($1,$2)" in epgsql_sock:command/2 line 272
2017-04-19 12:35:59.319 [error] <0.618.0> CRASH REPORT Process <0.618.0> with 1 neighbours exited with reason: no match of right hand value "insert into login values($1,$2)" in epgsql_sock:command/2 line 272 in gen_server:terminate/7 line 812
2017-04-19 12:35:59.320 [error] <0.617.0> Ranch listener http terminated with reason: no match of right hand value "insert into login values($1,$2)" in epgsql_sock:command/2 line 272
2017-04-19 12:36:04.343 [error] <0.620.0> gen_server <0.620.0> terminated with reason: no match of right hand value "insert into login values($1,$2)" in epgsql_sock:command/2 line 272
2017-04-19 12:36:04.345 [error] <0.620.0> CRASH REPORT Process <0.620.0> with 1 neighbours exited with reason: no match of right hand value "insert into login values($1,$2)" in epgsql_sock:command/2 line 272 in gen_server:terminate/7 line 812
2017-04-19 12:36:04.345 [error] <0.619.0> Ranch listener http terminated with reason: no match of right hand value "insert into login values($1,$2)" in epgsql_sock:command/2 line 272
